[0209/205930.293:ERROR:process_memory_win.cc(73)] ReadMemory at 0x7ff72bb20000 of 64 bytes failed: Only part of a ReadProcessMemory or WriteProcessMemory request was completed. (0x12B)
[0209/205930.293:WARNING:pe_image_reader.cc(340)] could not read dos header from C:\Program Files (x86)\Google\Chrome\Application\chrome.exe
[0209/205930.293:ERROR:process_memory_win.cc(73)] ReadMemory at 0x7fff1bc00000 of 64 bytes failed: Only part of a ReadProcessMemory or WriteProcessMemory request was completed. (0x12B)
[0209/205930.293:WARNING:pe_image_reader.cc(340)] could not read dos header from C:\WINDOWS\SYSTEM32\ntdll.dll
[0209/205930.293:ERROR:process_memory_win.cc(73)] ReadMemory at 0x7fff1a710000 of 64 bytes failed: Only part of a ReadProcessMemory or WriteProcessMemory request was completed. (0x12B)
[0209/205930.293:WARNING:pe_image_reader.cc(340)] could not read dos header from C:\WINDOWS\System32\KERNEL32.DLL
[0209/205930.293:ERROR:process_memory_win.cc(73)] ReadMemory at 0x7fff195c0000 of 64 bytes failed: Only part of a ReadProcessMemory or WriteProcessMemory request was completed. (0x12B)
[0209/205930.293:WARNING:pe_image_reader.cc(340)] could not read dos header from C:\WINDOWS\System32\KERNELBASE.dll
[0209/205930.293:ERROR:process_memory_win.cc(73)] ReadMemory at 0x7ffef55f0000 of 64 bytes failed: Only part of a ReadProcessMemory or WriteProcessMemory request was completed. (0x12B)
[0209/205930.293:WARNING:pe_image_reader.cc(340)] could not read dos header from C:\Program Files (x86)\Google\Chrome\Application\80.0.3987.87\chrome_elf.dll
[0209/205930.293:ERROR:process_memory_win.cc(73)] ReadMemory at 0x7fff12c40000 of 64 bytes failed: Only part of a ReadProcessMemory or WriteProcessMemory request was completed. (0x12B)
[0209/205930.293:WARNING:pe_image_reader.cc(340)] could not read dos header from C:\WINDOWS\SYSTEM32\VERSION.dll
[0209/205930.293:ERROR:process_memory_win.cc(73)] ReadMemory at 0x7fff1a4e0000 of 64 bytes failed: Only part of a ReadProcessMemory or WriteProcessMemory request was completed. (0x12B)
[0209/205930.293:WARNING:pe_image_reader.cc(340)] could not read dos header from C:\WINDOWS\System32\msvcrt.dll
[0209/205930.293:ERROR:process_memory_win.cc(73)] ReadMemory at 0x7fff19430000 of 64 bytes failed: Only part of a ReadProcessMemory or WriteProcessMemory request was completed. (0x12B)
[0209/205930.293:WARNING:pe_image_reader.cc(340)] could not read dos header from C:\WINDOWS\System32\bcryptPrimitives.dll
[0209/205930.293:ERROR:process_memory_win.cc(73)] ReadMemory at 0x7fff1a0f0000 of 64 bytes failed: Only part of a ReadProcessMemory or WriteProcessMemory request was completed. (0x12B)
[0209/205930.293:WARNING:pe_image_reader.cc(340)] could not read dos header from C:\WINDOWS\System32\ADVAPI32.dll
[0209/205930.293:ERROR:process_memory_win.cc(73)] ReadMemory at 0x7fff1b640000 of 64 bytes failed: Only part of a ReadProcessMemory or WriteProcessMemory request was completed. (0x12B)
[0209/205930.293:WARNING:pe_image_reader.cc(340)] could not read dos header from C:\WINDOWS\System32\sechost.dll
[0209/205930.293:ERROR:process_memory_win.cc(73)] ReadMemory at 0x7fff1a210000 of 64 bytes failed: Only part of a ReadProcessMemory or WriteProcessMemory request was completed. (0x12B)
[0209/205930.293:WARNING:pe_image_reader.cc(340)] could not read dos header from C:\WINDOWS\System32\RPCRT4.dll
[0209/205930.293:ERROR:process_memory_win.cc(73)] ReadMemory at 0x7ffebcc00000 of 64 bytes failed: Only part of a ReadProcessMemory or WriteProcessMemory request was completed. (0x12B)
[0209/205930.293:WARNING:pe_image_reader.cc(340)] could not read dos header from C:\Program Files (x86)\Google\Chrome\Application\80.0.3987.87\chrome.dll
[0209/205930.293:ERROR:process_memory_win.cc(73)] ReadMemory at 0x7fff1b6e0000 of 64 bytes failed: Only part of a ReadProcessMemory or WriteProcessMemory request was completed. (0x12B)
[0209/205930.293:WARNING:pe_image_reader.cc(340)] could not read dos header from C:\WINDOWS\System32\WS2_32.dll
[0209/205930.293:ERROR:process_memory_win.cc(73)] ReadMemory at 0x7fff19d10000 of 64 bytes failed: Only part of a ReadProcessMemory or WriteProcessMemory request was completed. (0x12B)
[0209/205930.293:WARNING:pe_image_reader.cc(340)] could not read dos header from C:\WINDOWS\System32\OLEAUT32.dll
[0209/205930.293:ERROR:process_memory_win.cc(73)] ReadMemory at 0x7fff18c10000 of 64 bytes failed: Only part of a ReadProcessMemory or WriteProcessMemory request was completed. (0x12B)
[0209/205930.293:WARNING:pe_image_reader.cc(340)] could not read dos header from C:\WINDOWS\System32\msvcp_win.dll
[0209/205930.293:ERROR:process_memory_win.cc(73)] ReadMemory at 0x7fff19870000 of 64 bytes failed: Only part of a ReadProcessMemory or WriteProcessMemory request was completed. (0x12B)
[0209/205930.293:WARNING:pe_image_reader.cc(340)] could not read dos header from C:\WINDOWS\System32\ucrtbase.dll
[0209/205930.293:ERROR:process_memory_win.cc(73)] ReadMemory at 0x7fff1b2a0000 of 64 bytes failed: Only part of a ReadProcessMemory or WriteProcessMemory request was completed. (0x12B)
[0209/205930.293:WARNING:pe_image_reader.cc(340)] could not read dos header from C:\WINDOWS\System32\combase.dll
[0209/205930.293:ERROR:process_memory_win.cc(73)] ReadMemory at 0x7fff194b0000 of 64 bytes failed: Only part of a ReadProcessMemory or WriteProcessMemory request was completed. (0x12B)
[0209/205930.293:WARNING:pe_image_reader.cc(340)] could not read dos header from C:\WINDOWS\System32\WINTRUST.dll
[0209/205930.293:ERROR:process_memory_win.cc(73)] ReadMemory at 0x7fff18b70000 of 64 bytes failed: Only part of a ReadProcessMemory or WriteProcessMemory request was completed. (0x12B)
[0209/205930.293:WARNING:pe_image_reader.cc(340)] could not read dos header from C:\WINDOWS\System32\MSASN1.dll
[0209/205930.293:ERROR:process_memory_win.cc(73)] ReadMemory at 0x7fff199c0000 of 64 bytes failed: Only part of a ReadProcessMemory or WriteProcessMemory request was completed. (0x12B)
[0209/205930.293:WARNING:pe_image_reader.cc(340)] could not read dos header from C:\WINDOWS\System32\CRYPT32.dll
[0209/205930.293:ERROR:process_memory_win.cc(73)] ReadMemory at 0x7fff18050000 of 64 bytes failed: Only part of a ReadProcessMemory or WriteProcessMemory request was completed. (0x12B)
[0209/205930.293:WARNING:pe_image_reader.cc(340)] could not read dos header from C:\WINDOWS\SYSTEM32\IPHLPAPI.DLL
[0209/205930.293:ERROR:process_memory_win.cc(73)] ReadMemory at 0x7fff162e0000 of 64 bytes failed: Only part of a ReadProcessMemory or WriteProcessMemory request was completed. (0x12B)
[0209/205930.293:WARNING:pe_image_reader.cc(340)] could not read dos header from C:\WINDOWS\SYSTEM32\WINMM.dll
[0209/205930.293:ERROR:process_memory_win.cc(73)] ReadMemory at 0x7fff098e0000 of 64 bytes failed: Only part of a ReadProcessMemory or WriteProcessMemory request was completed. (0x12B)
[0209/205930.293:WARNING:pe_image_reader.cc(340)] could not read dos header from C:\WINDOWS\SYSTEM32\Secur32.dll
[0209/205930.293:ERROR:process_memory_win.cc(73)] ReadMemory at 0x7fff189c0000 of 64 bytes failed: Only part of a ReadProcessMemory or WriteProcessMemory request was completed. (0x12B)
[0209/205930.293:WARNING:pe_image_reader.cc(340)] could not read dos header from C:\WINDOWS\SYSTEM32\USERENV.dll
[0209/205930.293:ERROR:process_memory_win.cc(73)] ReadMemory at 0x7fff18b50000 of 64 bytes failed: Only part of a ReadProcessMemory or WriteProcessMemory request was completed. (0x12B)
[0209/205930.293:WARNING:pe_image_reader.cc(340)] could not read dos header from C:\WINDOWS\System32\profapi.dll
[0209/205930.293:ERROR:process_memory_win.cc(73)] ReadMemory at 0x7ffeecc70000 of 64 bytes failed: Only part of a ReadProcessMemory or WriteProcessMemory request was completed. (0x12B)
[0209/205930.293:WARNING:pe_image_reader.cc(340)] could not read dos header from C:\WINDOWS\SYSTEM32\UIAutomationCore.DLL
[0209/205930.293:ERROR:process_memory_win.cc(73)] ReadMemory at 0x7ffef4a70000 of 64 bytes failed: Only part of a ReadProcessMemory or WriteProcessMemory request was completed. (0x12B)
[0209/205930.293:WARNING:pe_image_reader.cc(340)] could not read dos header from C:\WINDOWS\SYSTEM32\DWrite.dll
[0209/205930.293:ERROR:process_memory_win.cc(73)] ReadMemory at 0x7fff0fdd0000 of 64 bytes failed: Only part of a ReadProcessMemory or WriteProcessMemory request was completed. (0x12B)
[0209/205930.293:WARNING:pe_image_reader.cc(340)] could not read dos header from C:\WINDOWS\SYSTEM32\WINSPOOL.DRV
[0209/205930.293:ERROR:process_memory_win.cc(73)] ReadMemory at 0x7fff18b30000 of 64 bytes failed: Only part of a ReadProcessMemory or WriteProcessMemory request was completed. (0x12B)
[0209/205930.293:WARNING:pe_image_reader.cc(340)] could not read dos header from C:\WINDOWS\System32\kernel.appcore.dll
[0209/205930.293:ERROR:process_memory_win.cc(73)] ReadMemory at 0x7fff18b90000 of 64 bytes failed: Only part of a ReadProcessMemory or WriteProcessMemory request was completed. (0x12B)
[0209/205930.293:WARNING:pe_image_reader.cc(340)] could not read dos header from C:\WINDOWS\System32\bcrypt.dll
[0209/205930.293:ERROR:process_memory_win.cc(73)] ReadMemory at 0x7fff09330000 of 64 bytes failed: Only part of a ReadProcessMemory or WriteProcessMemory request was completed. (0x12B)
[0209/205930.293:WARNING:pe_image_reader.cc(340)] could not read dos header from C:\WINDOWS\SYSTEM32\dbghelp.dll
[0209/205930.293:ERROR:process_memory_win.cc(73)] ReadMemory at 0x7fff13f00000 of 64 bytes failed: Only part of a ReadProcessMemory or WriteProcessMemory request was completed. (0x12B)
[0209/205930.293:WARNING:pe_image_reader.cc(340)] could not read dos header from C:\WINDOWS\SYSTEM32\WINHTTP.dll
[0209/205930.293:ERROR:process_memory_win.cc(73)] ReadMemory at 0x7fff12490000 of 64 bytes failed: Only part of a ReadProcessMemory or WriteProcessMemory request was completed. (0x12B)
[0209/205930.293:WARNING:pe_image_reader.cc(340)] could not read dos header from C:\WINDOWS\SYSTEM32\dhcpcsvc.DLL
[0209/205930.293:ERROR:process_memory_win.cc(73)] ReadMemory at 0x7fff1a1d0000 of 64 bytes failed: Only part of a ReadProcessMemory or WriteProcessMemory request was completed. (0x12B)
[0209/205930.293:WARNING:pe_image_reader.cc(340)] could not read dos header from C:\WINDOWS\System32\NSI.dll
[0209/205930.293:ERROR:process_memory_win.cc(73)] ReadMemory at 0x7fff162b0000 of 64 bytes failed: Only part of a ReadProcessMemory or WriteProcessMemory request was completed. (0x12B)
[0209/205930.293:WARNING:pe_image_reader.cc(340)] could not read dos header from C:\WINDOWS\SYSTEM32\WINMMBASE.dll
[0209/205930.293:ERROR:process_memory_win.cc(73)] ReadMemory at 0x7fff18bc0000 of 64 bytes failed: Only part of a ReadProcessMemory or WriteProcessMemory request was completed. (0x12B)
[0209/205930.293:WARNING:pe_image_reader.cc(340)] could not read dos header from C:\WINDOWS\System32\cfgmgr32.dll
[0209/205930.293:ERROR:process_memory_win.cc(73)] ReadMemory at 0x7fff175f0000 of 64 bytes failed: Only part of a ReadProcessMemory or WriteProcessMemory request was completed. (0x12B)
[0209/205930.293:WARNING:pe_image_reader.cc(340)] could not read dos header from C:\WINDOWS\SYSTEM32\PROPSYS.dll
[0209/205930.293:ERROR:process_memory_win.cc(73)] ReadMemory at 0x7fff1a590000 of 64 bytes failed: Only part of a ReadProcessMemory or WriteProcessMemory request was completed. (0x12B)
[0209/205930.293:WARNING:pe_image_reader.cc(340)] could not read dos header from C:\WINDOWS\System32\shcore.dll
[0209/205930.293:ERROR:process_memory_win.cc(73)] ReadMemory at 0x7fff189f0000 of 64 bytes failed: Only part of a ReadProcessMemory or WriteProcessMemory request was completed. (0x12B)
[0209/205930.293:WARNING:pe_image_reader.cc(340)] could not read dos header from C:\WINDOWS\SYSTEM32\SSPICLI.DLL
[0209/205930.293:ERROR:process_memory_win.cc(73)] ReadMemory at 0x7fff18510000 of 64 bytes failed: Only part of a ReadProcessMemory or WriteProcessMemory request was completed. (0x12B)
[0209/205930.293:WARNING:pe_image_reader.cc(340)] could not read dos header from C:\WINDOWS\SYSTEM32\CRYPTBASE.DLL
[0209/205930.293:ERROR:process_memory_win.cc(73)] ReadMemory at 0x7ff72bb20000 of 64 bytes failed: Only part of a ReadProcessMemory or WriteProcessMemory request was completed. (0x12B)
[0209/205930.293:WARNING:pe_image_reader.cc(340)] could not read dos header from C:\Program Files (x86)\Google\Chrome\Application\chrome.exe
[0209/205930.293:ERROR:process_memory_win.cc(73)] ReadMemory at 0x7fff1bc00000 of 64 bytes failed: Only part of a ReadProcessMemory or WriteProcessMemory request was completed. (0x12B)
[0209/205930.293:WARNING:pe_image_reader.cc(340)] could not read dos header from C:\WINDOWS\SYSTEM32\ntdll.dll
[0209/205930.293:ERROR:process_memory_win.cc(73)] ReadMemory at 0x7fff1a710000 of 64 bytes failed: Only part of a ReadProcessMemory or WriteProcessMemory request was completed. (0x12B)
[0209/205930.293:WARNING:pe_image_reader.cc(340)] could not read dos header from C:\WINDOWS\System32\KERNEL32.DLL
[0209/205930.293:ERROR:process_memory_win.cc(73)] ReadMemory at 0x7fff195c0000 of 64 bytes failed: Only part of a ReadProcessMemory or WriteProcessMemory request was completed. (0x12B)
[0209/205930.293:WARNING:pe_image_reader.cc(340)] could not read dos header from C:\WINDOWS\System32\KERNELBASE.dll
[0209/205930.293:ERROR:process_memory_win.cc(73)] ReadMemory at 0x7ffef55f0000 of 64 bytes failed: Only part of a ReadProcessMemory or WriteProcessMemory request was completed. (0x12B)
[0209/205930.293:WARNING:pe_image_reader.cc(340)] could not read dos header from C:\Program Files (x86)\Google\Chrome\Application\80.0.3987.87\chrome_elf.dll
[0209/205930.293:ERROR:process_memory_win.cc(73)] ReadMemory at 0x7fff12c40000 of 64 bytes failed: Only part of a ReadProcessMemory or WriteProcessMemory request was completed. (0x12B)
[0209/205930.293:WARNING:pe_image_reader.cc(340)] could not read dos header from C:\WINDOWS\SYSTEM32\VERSION.dll
[0209/205930.293:ERROR:process_memory_win.cc(73)] ReadMemory at 0x7fff1a4e0000 of 64 bytes failed: Only part of a ReadProcessMemory or WriteProcessMemory request was completed. (0x12B)
[0209/205930.293:WARNING:pe_image_reader.cc(340)] could not read dos header from C:\WINDOWS\System32\msvcrt.dll
[0209/205930.293:ERROR:process_memory_win.cc(73)] ReadMemory at 0x7fff19430000 of 64 bytes failed: Only part of a ReadProcessMemory or WriteProcessMemory request was completed. (0x12B)
[0209/205930.293:WARNING:pe_image_reader.cc(340)] could not read dos header from C:\WINDOWS\System32\bcryptPrimitives.dll
[0209/205930.293:ERROR:process_memory_win.cc(73)] ReadMemory at 0x7fff1a0f0000 of 64 bytes failed: Only part of a ReadProcessMemory or WriteProcessMemory request was completed. (0x12B)
[0209/205930.293:WARNING:pe_image_reader.cc(340)] could not read dos header from C:\WINDOWS\System32\ADVAPI32.dll
[0209/205930.293:ERROR:process_memory_win.cc(73)] ReadMemory at 0x7fff1b640000 of 64 bytes failed: Only part of a ReadProcessMemory or WriteProcessMemory request was completed. (0x12B)
[0209/205930.293:WARNING:pe_image_reader.cc(340)] could not read dos header from C:\WINDOWS\System32\sechost.dll
[0209/205930.293:ERROR:process_memory_win.cc(73)] ReadMemory at 0x7fff1a210000 of 64 bytes failed: Only part of a ReadProcessMemory or WriteProcessMemory request was completed. (0x12B)
[0209/205930.293:WARNING:pe_image_reader.cc(340)] could not read dos header from C:\WINDOWS\System32\RPCRT4.dll
[0209/205930.293:ERROR:process_memory_win.cc(73)] ReadMemory at 0x7ffebcc00000 of 64 bytes failed: Only part of a ReadProcessMemory or WriteProcessMemory request was completed. (0x12B)
[0209/205930.293:WARNING:pe_image_reader.cc(340)] could not read dos header from C:\Program Files (x86)\Google\Chrome\Application\80.0.3987.87\chrome.dll
[0209/205930.293:ERROR:process_memory_win.cc(73)] ReadMemory at 0x7fff1b6e0000 of 64 bytes failed: Only part of a ReadProcessMemory or WriteProcessMemory request was completed. (0x12B)
[0209/205930.293:WARNING:pe_image_reader.cc(340)] could not read dos header from C:\WINDOWS\System32\WS2_32.dll
[0209/205930.293:ERROR:process_memory_win.cc(73)] ReadMemory at 0x7fff19d10000 of 64 bytes failed: Only part of a ReadProcessMemory or WriteProcessMemory request was completed. (0x12B)
[0209/205930.293:WARNING:pe_image_reader.cc(340)] could not read dos header from C:\WINDOWS\System32\OLEAUT32.dll
[0209/205930.293:ERROR:process_memory_win.cc(73)] ReadMemory at 0x7fff18c10000 of 64 bytes failed: Only part of a ReadProcessMemory or WriteProcessMemory request was completed. (0x12B)
[0209/205930.293:WARNING:pe_image_reader.cc(340)] could not read dos header from C:\WINDOWS\System32\msvcp_win.dll
[0209/205930.293:ERROR:process_memory_win.cc(73)] ReadMemory at 0x7fff19870000 of 64 bytes failed: Only part of a ReadProcessMemory or WriteProcessMemory request was completed. (0x12B)
[0209/205930.293:WARNING:pe_image_reader.cc(340)] could not read dos header from C:\WINDOWS\System32\ucrtbase.dll
[0209/205930.293:ERROR:process_memory_win.cc(73)] ReadMemory at 0x7fff1b2a0000 of 64 bytes failed: Only part of a ReadProcessMemory or WriteProcessMemory request was completed. (0x12B)
[0209/205930.293:WARNING:pe_image_reader.cc(340)] could not read dos header from C:\WINDOWS\System32\combase.dll
[0209/205930.293:ERROR:process_memory_win.cc(73)] ReadMemory at 0x7fff194b0000 of 64 bytes failed: Only part of a ReadProcessMemory or WriteProcessMemory request was completed. (0x12B)
[0209/205930.293:WARNING:pe_image_reader.cc(340)] could not read dos header from C:\WINDOWS\System32\WINTRUST.dll
[0209/205930.293:ERROR:process_memory_win.cc(73)] ReadMemory at 0x7fff18b70000 of 64 bytes failed: Only part of a ReadProcessMemory or WriteProcessMemory request was completed. (0x12B)
[0209/205930.293:WARNING:pe_image_reader.cc(340)] could not read dos header from C:\WINDOWS\System32\MSASN1.dll
[0209/205930.293:ERROR:process_memory_win.cc(73)] ReadMemory at 0x7fff199c0000 of 64 bytes failed: Only part of a ReadProcessMemory or WriteProcessMemory request was completed. (0x12B)
[0209/205930.293:WARNING:pe_image_reader.cc(340)] could not read dos header from C:\WINDOWS\System32\CRYPT32.dll
[0209/205930.293:ERROR:process_memory_win.cc(73)] ReadMemory at 0x7fff18050000 of 64 bytes failed: Only part of a ReadProcessMemory or WriteProcessMemory request was completed. (0x12B)
[0209/205930.293:WARNING:pe_image_reader.cc(340)] could not read dos header from C:\WINDOWS\SYSTEM32\IPHLPAPI.DLL
[0209/205930.293:ERROR:process_memory_win.cc(73)] ReadMemory at 0x7fff162e0000 of 64 bytes failed: Only part of a ReadProcessMemory or WriteProcessMemory request was completed. (0x12B)
[0209/205930.293:WARNING:pe_image_reader.cc(340)] could not read dos header from C:\WINDOWS\SYSTEM32\WINMM.dll
[0209/205930.293:ERROR:process_memory_win.cc(73)] ReadMemory at 0x7fff098e0000 of 64 bytes failed: Only part of a ReadProcessMemory or WriteProcessMemory request was completed. (0x12B)
[0209/205930.293:WARNING:pe_image_reader.cc(340)] could not read dos header from C:\WINDOWS\SYSTEM32\Secur32.dll
[0209/205930.293:ERROR:process_memory_win.cc(73)] ReadMemory at 0x7fff189c0000 of 64 bytes failed: Only part of a ReadProcessMemory or WriteProcessMemory request was completed. (0x12B)
[0209/205930.293:WARNING:pe_image_reader.cc(340)] could not read dos header from C:\WINDOWS\SYSTEM32\USERENV.dll
[0209/205930.293:ERROR:process_memory_win.cc(73)] ReadMemory at 0x7fff18b50000 of 64 bytes failed: Only part of a ReadProcessMemory or WriteProcessMemory request was completed. (0x12B)
[0209/205930.293:WARNING:pe_image_reader.cc(340)] could not read dos header from C:\WINDOWS\System32\profapi.dll
[0209/205930.293:ERROR:process_memory_win.cc(73)] ReadMemory at 0x7ffeecc70000 of 64 bytes failed: Only part of a ReadProcessMemory or WriteProcessMemory request was completed. (0x12B)
[0209/205930.293:WARNING:pe_image_reader.cc(340)] could not read dos header from C:\WINDOWS\SYSTEM32\UIAutomationCore.DLL
[0209/205930.293:ERROR:process_memory_win.cc(73)] ReadMemory at 0x7ffef4a70000 of 64 bytes failed: Only part of a ReadProcessMemory or WriteProcessMemory request was completed. (0x12B)
[0209/205930.293:WARNING:pe_image_reader.cc(340)] could not read dos header from C:\WINDOWS\SYSTEM32\DWrite.dll
[0209/205930.293:ERROR:process_memory_win.cc(73)] ReadMemory at 0x7fff0fdd0000 of 64 bytes failed: Only part of a ReadProcessMemory or WriteProcessMemory request was completed. (0x12B)
[0209/205930.293:WARNING:pe_image_reader.cc(340)] could not read dos header from C:\WINDOWS\SYSTEM32\WINSPOOL.DRV
[0209/205930.293:ERROR:process_memory_win.cc(73)] ReadMemory at 0x7fff18b30000 of 64 bytes failed: Only part of a ReadProcessMemory or WriteProcessMemory request was completed. (0x12B)
[0209/205930.293:WARNING:pe_image_reader.cc(340)] could not read dos header from C:\WINDOWS\System32\kernel.appcore.dll
[0209/205930.304:ERROR:process_memory_win.cc(73)] ReadMemory at 0x7fff18b90000 of 64 bytes failed: Only part of a ReadProcessMemory or WriteProcessMemory request was completed. (0x12B)
[0209/205930.304:WARNING:pe_image_reader.cc(340)] could not read dos header from C:\WINDOWS\System32\bcrypt.dll
[0209/205930.304:ERROR:process_memory_win.cc(73)] ReadMemory at 0x7fff09330000 of 64 bytes failed: Only part of a ReadProcessMemory or WriteProcessMemory request was completed. (0x12B)
[0209/205930.304:WARNING:pe_image_reader.cc(340)] could not read dos header from C:\WINDOWS\SYSTEM32\dbghelp.dll
[0209/205930.304:ERROR:process_memory_win.cc(73)] ReadMemory at 0x7fff13f00000 of 64 bytes failed: Only part of a ReadProcessMemory or WriteProcessMemory request was completed. (0x12B)
[0209/205930.304:WARNING:pe_image_reader.cc(340)] could not read dos header from C:\WINDOWS\SYSTEM32\WINHTTP.dll
[0209/205930.304:ERROR:process_memory_win.cc(73)] ReadMemory at 0x7fff12490000 of 64 bytes failed: Only part of a ReadProcessMemory or WriteProcessMemory request was completed. (0x12B)
[0209/205930.304:WARNING:pe_image_reader.cc(340)] could not read dos header from C:\WINDOWS\SYSTEM32\dhcpcsvc.DLL
[0209/205930.304:ERROR:process_memory_win.cc(73)] ReadMemory at 0x7fff1a1d0000 of 64 bytes failed: Only part of a ReadProcessMemory or WriteProcessMemory request was completed. (0x12B)
[0209/205930.304:WARNING:pe_image_reader.cc(340)] could not read dos header from C:\WINDOWS\System32\NSI.dll
[0209/205930.304:ERROR:process_memory_win.cc(73)] ReadMemory at 0x7fff162b0000 of 64 bytes failed: Only part of a ReadProcessMemory or WriteProcessMemory request was completed. (0x12B)
[0209/205930.304:WARNING:pe_image_reader.cc(340)] could not read dos header from C:\WINDOWS\SYSTEM32\WINMMBASE.dll
[0209/205930.304:ERROR:process_memory_win.cc(73)] ReadMemory at 0x7fff18bc0000 of 64 bytes failed: Only part of a ReadProcessMemory or WriteProcessMemory request was completed. (0x12B)
[0209/205930.304:WARNING:pe_image_reader.cc(340)] could not read dos header from C:\WINDOWS\System32\cfgmgr32.dll
[0209/205930.304:ERROR:process_memory_win.cc(73)] ReadMemory at 0x7fff175f0000 of 64 bytes failed: Only part of a ReadProcessMemory or WriteProcessMemory request was completed. (0x12B)
[0209/205930.304:WARNING:pe_image_reader.cc(340)] could not read dos header from C:\WINDOWS\SYSTEM32\PROPSYS.dll
[0209/205930.304:ERROR:process_memory_win.cc(73)] ReadMemory at 0x7fff1a590000 of 64 bytes failed: Only part of a ReadProcessMemory or WriteProcessMemory request was completed. (0x12B)
[0209/205930.304:WARNING:pe_image_reader.cc(340)] could not read dos header from C:\WINDOWS\System32\shcore.dll
[0209/205930.304:ERROR:process_memory_win.cc(73)] ReadMemory at 0x7fff189f0000 of 64 bytes failed: Only part of a ReadProcessMemory or WriteProcessMemory request was completed. (0x12B)
[0209/205930.304:WARNING:pe_image_reader.cc(340)] could not read dos header from C:\WINDOWS\SYSTEM32\SSPICLI.DLL
[0209/205930.304:ERROR:process_memory_win.cc(73)] ReadMemory at 0x7fff18510000 of 64 bytes failed: Only part of a ReadProcessMemory or WriteProcessMemory request was completed. (0x12B)
[0209/205930.304:WARNING:pe_image_reader.cc(340)] could not read dos header from C:\WINDOWS\SYSTEM32\CRYPTBASE.DLL
[0209/205930.312:ERROR:process_memory_win.cc(73)] ReadMemory at 0xfdadff5000 of 45056 bytes failed: Only part of a ReadProcessMemory or WriteProcessMemory request was completed. (0x12B)
[0209/205930.312:ERROR:process_memory_win.cc(73)] ReadMemory at 0xfdae7fd000 of 12288 bytes failed: Only part of a ReadProcessMemory or WriteProcessMemory request was completed. (0x12B)
[0209/205930.313:ERROR:process_memory_win.cc(73)] ReadMemory at 0xfdaeff7000 of 36864 bytes failed: Only part of a ReadProcessMemory or WriteProcessMemory request was completed. (0x12B)
[0209/205930.313:ERROR:process_memory_win.cc(73)] ReadMemory at 0xfdaf7fc000 of 16384 bytes failed: Only part of a ReadProcessMemory or WriteProcessMemory request was completed. (0x12B)
[0209/205930.313:ERROR:process_memory_win.cc(73)] ReadMemory at 0xfdafffb000 of 20480 bytes failed: Only part of a ReadProcessMemory or WriteProcessMemory request was completed. (0x12B)
[0209/205930.313:ERROR:process_memory_win.cc(73)] ReadMemory at 0xfdb07fe000 of 8192 bytes failed: Only part of a ReadProcessMemory or WriteProcessMemory request was completed. (0x12B)
[0209/205930.313:ERROR:process_memory_win.cc(73)] ReadMemory at 0xfdb0ffd000 of 12288 bytes failed: Only part of a ReadProcessMemory or WriteProcessMemory request was completed. (0x12B)
[0209/205930.313:ERROR:process_memory_win.cc(73)] ReadMemory at 0xfdb17fb000 of 20480 bytes failed: Only part of a ReadProcessMemory or WriteProcessMemory request was completed. (0x12B)
[0209/205930.313:ERROR:process_memory_win.cc(73)] ReadMemory at 0xfdb1ffd000 of 12288 bytes failed: Only part of a ReadProcessMemory or WriteProcessMemory request was completed. (0x12B)
[0209/205930.313:ERROR:process_memory_win.cc(73)] ReadMemory at 0xfdb27fc000 of 16384 bytes failed: Only part of a ReadProcessMemory or WriteProcessMemory request was completed. (0x12B)
[0209/205930.313:ERROR:process_memory_win.cc(73)] ReadMemory at 0xfdb2ff7000 of 36864 bytes failed: Only part of a ReadProcessMemory or WriteProcessMemory request was completed. (0x12B)
[0209/205930.313:ERROR:process_memory_win.cc(73)] ReadMemory at 0xfdb37f7000 of 36864 bytes failed: Only part of a ReadProcessMemory or WriteProcessMemory request was completed. (0x12B)
[0209/205930.313:ERROR:process_memory_win.cc(73)] ReadMemory at 0xfdb3ffc000 of 16384 bytes failed: Only part of a ReadProcessMemory or WriteProcessMemory request was completed. (0x12B)
[0209/205930.313:ERROR:process_memory_win.cc(73)] ReadMemory at 0xfdb47fd000 of 12288 bytes failed: Only part of a ReadProcessMemory or WriteProcessMemory request was completed. (0x12B)
[0209/205930.313:ERROR:process_memory_win.cc(73)] ReadMemory at 0xfdb4ffd000 of 12288 bytes failed: Only part of a ReadProcessMemory or WriteProcessMemory request was completed. (0x12B)
[0209/205930.313:ERROR:process_memory_win.cc(73)] ReadMemory at 0xfdb57fc000 of 16384 bytes failed: Only part of a ReadProcessMemory or WriteProcessMemory request was completed. (0x12B)
[0209/205930.313:ERROR:process_memory_win.cc(73)] ReadMemory at 0xfdb5ffb000 of 20480 bytes failed: Only part of a ReadProcessMemory or WriteProcessMemory request was completed. (0x12B)
[0209/205930.313:ERROR:process_memory_win.cc(73)] ReadMemory at 0xfdb67fa000 of 24576 bytes failed: Only part of a ReadProcessMemory or WriteProcessMemory request was completed. (0x12B)
[0209/205930.313:ERROR:process_memory_win.cc(73)] ReadMemory at 0xfdb6ff7000 of 36864 bytes failed: Only part of a ReadProcessMemory or WriteProcessMemory request was completed. (0x12B)
[0209/205930.313:ERROR:process_memory_win.cc(73)] ReadMemory at 0xfdb7ffd000 of 12288 bytes failed: Only part of a ReadProcessMemory or WriteProcessMemory request was completed. (0x12B)
[0209/205930.313:ERROR:process_memory_win.cc(73)] ReadMemory at 0xfdb87fd000 of 12288 bytes failed: Only part of a ReadProcessMemory or WriteProcessMemory request was completed. (0x12B)
[0209/205930.314:ERROR:process_memory_win.cc(73)] ReadMemory at 0xfdb8ffd000 of 12288 bytes failed: Only part of a ReadProcessMemory or WriteProcessMemory request was completed. (0x12B)
[0209/205930.314:ERROR:process_memory_win.cc(73)] ReadMemory at 0xfdb97fd000 of 12288 bytes failed: Only part of a ReadProcessMemory or WriteProcessMemory request was completed. (0x12B)
[0209/205930.314:ERROR:process_memory_win.cc(73)] ReadMemory at 0xfdad600000 of 6024 bytes failed: Only part of a ReadProcessMemory or WriteProcessMemory request was completed. (0x12B)
[0209/205930.314:ERROR:process_memory_win.cc(73)] ReadMemory at 0xfdad602000 of 6024 bytes failed: Only part of a ReadProcessMemory or WriteProcessMemory request was completed. (0x12B)
[0209/205930.314:ERROR:process_memory_win.cc(73)] ReadMemory at 0xfdad604000 of 6024 bytes failed: Only part of a ReadProcessMemory or WriteProcessMemory request was completed. (0x12B)
[0209/205930.314:ERROR:process_memory_win.cc(73)] ReadMemory at 0xfdad606000 of 6024 bytes failed: Only part of a ReadProcessMemory or WriteProcessMemory request was completed. (0x12B)
[0209/205930.314:ERROR:process_memory_win.cc(73)] ReadMemory at 0xfdad608000 of 6024 bytes failed: Only part of a ReadProcessMemory or WriteProcessMemory request was completed. (0x12B)
[0209/205930.314:ERROR:process_memory_win.cc(73)] ReadMemory at 0xfdad60a000 of 6024 bytes failed: Only part of a ReadProcessMemory or WriteProcessMemory request was completed. (0x12B)
[0209/205930.314:ERROR:process_memory_win.cc(73)] ReadMemory at 0xfdad60c000 of 6024 bytes failed: Only part of a ReadProcessMemory or WriteProcessMemory request was completed. (0x12B)
[0209/205930.314:ERROR:process_memory_win.cc(73)] ReadMemory at 0xfdad60e000 of 6024 bytes failed: Only part of a ReadProcessMemory or WriteProcessMemory request was completed. (0x12B)
[0209/205930.314:ERROR:process_memory_win.cc(73)] ReadMemory at 0xfdad610000 of 6024 bytes failed: Only part of a ReadProcessMemory or WriteProcessMemory request was completed. (0x12B)
[0209/205930.314:ERROR:process_memory_win.cc(73)] ReadMemory at 0xfdad612000 of 6024 bytes failed: Only part of a ReadProcessMemory or WriteProcessMemory request was completed. (0x12B)
[0209/205930.314:ERROR:process_memory_win.cc(73)] ReadMemory at 0xfdad614000 of 6024 bytes failed: Only part of a ReadProcessMemory or WriteProcessMemory request was completed. (0x12B)
[0209/205930.314:ERROR:process_memory_win.cc(73)] ReadMemory at 0xfdad616000 of 6024 bytes failed: Only part of a ReadProcessMemory or WriteProcessMemory request was completed. (0x12B)
[0209/205930.314:ERROR:process_memory_win.cc(73)] ReadMemory at 0xfdad618000 of 6024 bytes failed: Only part of a ReadProcessMemory or WriteProcessMemory request was completed. (0x12B)
[0209/205930.314:ERROR:process_memory_win.cc(73)] ReadMemory at 0xfdad61a000 of 6024 bytes failed: Only part of a ReadProcessMemory or WriteProcessMemory request was completed. (0x12B)
[0209/205930.314:ERROR:process_memory_win.cc(73)] ReadMemory at 0xfdad61c000 of 6024 bytes failed: Only part of a ReadProcessMemory or WriteProcessMemory request was completed. (0x12B)
[0209/205930.314:ERROR:process_memory_win.cc(73)] ReadMemory at 0xfdad61e000 of 6024 bytes failed: Only part of a ReadProcessMemory or WriteProcessMemory request was completed. (0x12B)
[0209/205930.314:ERROR:process_memory_win.cc(73)] ReadMemory at 0xfdad622000 of 6024 bytes failed: Only part of a ReadProcessMemory or WriteProcessMemory request was completed. (0x12B)
[0209/205930.315:ERROR:process_memory_win.cc(73)] ReadMemory at 0xfdad624000 of 6024 bytes failed: Only part of a ReadProcessMemory or WriteProcessMemory request was completed. (0x12B)
[0209/205930.315:ERROR:process_memory_win.cc(73)] ReadMemory at 0xfdad626000 of 6024 bytes failed: Only part of a ReadProcessMemory or WriteProcessMemory request was completed. (0x12B)
[0209/205930.315:ERROR:process_memory_win.cc(73)] ReadMemory at 0xfdad628000 of 6024 bytes failed: Only part of a ReadProcessMemory or WriteProcessMemory request was completed. (0x12B)
[0209/205930.315:ERROR:process_memory_win.cc(73)] ReadMemory at 0xfdad7f9000 of 852 bytes failed: Only part of a ReadProcessMemory or WriteProcessMemory request was completed. (0x12B)
[0209/205930.315:ERROR:process_memory_win.cc(73)] ReadMemory at 0xfdad7fa000 of 6024 bytes failed: Only part of a ReadProcessMemory or WriteProcessMemory request was completed. (0x12B)
[0209/205930.315:ERROR:process_memory_win.cc(73)] ReadMemory at 0xfdad7fc000 of 6024 bytes failed: Only part of a ReadProcessMemory or WriteProcessMemory request was completed. (0x12B)
[0209/205930.315:ERROR:process_memory_win.cc(73)] ReadMemory at 0xfdad7fe000 of 6024 bytes failed: Only part of a ReadProcessMemory or WriteProcessMemory request was completed. (0x12B)
[0209/205930.315:ERROR:process_memory_win.cc(73)] ReadMemory at 0x2d6490b0750 of 80 bytes failed: Only part of a ReadProcessMemory or WriteProcessMemory request was completed. (0x12B)
[0209/205930.315:ERROR:process_memory_win.cc(73)] ReadMemory at 0x2d6490b0fe0 of 4986 bytes failed: Only part of a ReadProcessMemory or WriteProcessMemory request was completed. (0x12B)
[0209/205930.315:ERROR:process_memory_win.cc(73)] ReadMemory at 0x2d6490b2370 of 1012 bytes failed: Only part of a ReadProcessMemory or WriteProcessMemory request was completed. (0x12B)
[0209/205930.315:ERROR:process_memory_win.cc(73)] ReadMemory at 0x2d6490b29b8 of 118 bytes failed: Only part of a ReadProcessMemory or WriteProcessMemory request was completed. (0x12B)
[0209/205930.315:ERROR:process_memory_win.cc(73)] ReadMemory at 0x2d6490b2a30 of 756 bytes failed: Only part of a ReadProcessMemory or WriteProcessMemory request was completed. (0x12B)
[0209/205930.315:ERROR:process_memory_win.cc(73)] ReadMemory at 0x2d6490b2d26 of 118 bytes failed: Only part of a ReadProcessMemory or WriteProcessMemory request was completed. (0x12B)
[0209/205930.315:ERROR:process_memory_win.cc(73)] ReadMemory at 0x2d6490b2d9e of 100 bytes failed: Only part of a ReadProcessMemory or WriteProcessMemory request was completed. (0x12B)
[0209/205930.315:ERROR:process_memory_win.cc(73)] ReadMemory at 0x2d6490b2e10 of 58 bytes failed: Only part of a ReadProcessMemory or WriteProcessMemory request was completed. (0x12B)
[0209/205930.315:ERROR:process_memory_win.cc(73)] ReadMemory at 0x2d6490b2f10 of 132 bytes failed: Only part of a ReadProcessMemory or WriteProcessMemory request was completed. (0x12B)
[0209/205930.315:ERROR:process_memory_win.cc(73)] ReadMemory at 0x2d6490b30a0 of 132 bytes failed: Only part of a ReadProcessMemory or WriteProcessMemory request was completed. (0x12B)
[0209/205930.315:ERROR:process_memory_win.cc(73)] ReadMemory at 0x2d6490b3260 of 124 bytes failed: Only part of a ReadProcessMemory or WriteProcessMemory request was completed. (0x12B)
[0209/205930.315:ERROR:process_memory_win.cc(73)] ReadMemory at 0x2d6490b3640 of 132 bytes failed: Only part of a ReadProcessMemory or WriteProcessMemory request was completed. (0x12B)
[0209/205930.315:ERROR:process_memory_win.cc(73)] ReadMemory at 0x2d6490b37d0 of 64 bytes failed: Only part of a ReadProcessMemory or WriteProcessMemory request was completed. (0x12B)
[0209/205930.315:ERROR:process_memory_win.cc(73)] ReadMemory at 0x2d6490b3820 of 132 bytes failed: Only part of a ReadProcessMemory or WriteProcessMemory request was completed. (0x12B)
[0209/205930.316:ERROR:process_memory_win.cc(73)] ReadMemory at 0x2d6490b3a30 of 152 bytes failed: Only part of a ReadProcessMemory or WriteProcessMemory request was completed. (0x12B)
[0209/205930.316:ERROR:process_memory_win.cc(73)] ReadMemory at 0x2d6490b3c30 of 132 bytes failed: Only part of a ReadProcessMemory or WriteProcessMemory request was completed. (0x12B)
[0209/205930.316:ERROR:process_memory_win.cc(73)] ReadMemory at 0x2d6490b3dc0 of 68 bytes failed: Only part of a ReadProcessMemory or WriteProcessMemory request was completed. (0x12B)
[0209/205930.316:ERROR:process_memory_win.cc(73)] ReadMemory at 0x2d6490b4db0 of 132 bytes failed: Only part of a ReadProcessMemory or WriteProcessMemory request was completed. (0x12B)
[0209/205930.316:ERROR:process_memory_win.cc(73)] ReadMemory at 0x2d6490b4fb0 of 132 bytes failed: Only part of a ReadProcessMemory or WriteProcessMemory request was completed. (0x12B)
[0209/205930.316:ERROR:process_memory_win.cc(73)] ReadMemory at 0x2d6490b6b80 of 62 bytes failed: Only part of a ReadProcessMemory or WriteProcessMemory request was completed. (0x12B)
[0209/205930.316:ERROR:process_memory_win.cc(73)] ReadMemory at 0x2d6490b6c00 of 144 bytes failed: Only part of a ReadProcessMemory or WriteProcessMemory request was completed. (0x12B)
[0209/205930.316:ERROR:process_memory_win.cc(73)] ReadMemory at 0x2d6490b6ce0 of 132 bytes failed: Only part of a ReadProcessMemory or WriteProcessMemory request was completed. (0x12B)
[0209/205930.316:ERROR:process_memory_win.cc(73)] ReadMemory at 0x2d6490b6e70 of 60 bytes failed: Only part of a ReadProcessMemory or WriteProcessMemory request was completed. (0x12B)
[0209/205930.316:ERROR:process_memory_win.cc(73)] ReadMemory at 0x2d6490b79c0 of 132 bytes failed: Only part of a ReadProcessMemory or WriteProcessMemory request was completed. (0x12B)
[0209/205930.316:ERROR:process_memory_win.cc(73)] ReadMemory at 0x2d6490b7c00 of 132 bytes failed: Only part of a ReadProcessMemory or WriteProcessMemory request was completed. (0x12B)
[0209/205930.316:ERROR:process_memory_win.cc(73)] ReadMemory at 0x2d6490babf0 of 64 bytes failed: Only part of a ReadProcessMemory or WriteProcessMemory request was completed. (0x12B)
[0209/205930.316:ERROR:process_memory_win.cc(73)] ReadMemory at 0x2d6490bace0 of 64 bytes failed: Only part of a ReadProcessMemory or WriteProcessMemory request was completed. (0x12B)
[0209/205930.316:ERROR:process_memory_win.cc(73)] ReadMemory at 0x2d6490bad80 of 66 bytes failed: Only part of a ReadProcessMemory or WriteProcessMemory request was completed. (0x12B)
[0209/205930.316:ERROR:process_memory_win.cc(73)] ReadMemory at 0x2d6490badd0 of 62 bytes failed: Only part of a ReadProcessMemory or WriteProcessMemory request was completed. (0x12B)
[0209/205930.316:ERROR:process_memory_win.cc(73)] ReadMemory at 0x2d6490baec0 of 64 bytes failed: Only part of a ReadProcessMemory or WriteProcessMemory request was completed. (0x12B)
[0209/205930.316:ERROR:process_memory_win.cc(73)] ReadMemory at 0x2d6490baf10 of 64 bytes failed: Only part of a ReadProcessMemory or WriteProcessMemory request was completed. (0x12B)
[0209/205930.316:ERROR:process_memory_win.cc(73)] ReadMemory at 0x2d6490bafb0 of 60 bytes failed: Only part of a ReadProcessMemory or WriteProcessMemory request was completed. (0x12B)
[0209/205930.316:ERROR:process_memory_win.cc(73)] ReadMemory at 0x2d6490bb000 of 62 bytes failed: Only part of a ReadProcessMemory or WriteProcessMemory request was completed. (0x12B)
[0209/205930.316:ERROR:process_memory_win.cc(73)] ReadMemory at 0x2d6490bb0f0 of 60 bytes failed: Only part of a ReadProcessMemory or WriteProcessMemory request was completed. (0x12B)
[0209/205930.316:ERROR:process_memory_win.cc(73)] ReadMemory at 0x2d6490bb310 of 132 bytes failed: Only part of a ReadProcessMemory or WriteProcessMemory request was completed. (0x12B)
[0209/205930.316:ERROR:process_memory_win.cc(73)] ReadMemory at 0x2d6490bb440 of 132 bytes failed: Only part of a ReadProcessMemory or WriteProcessMemory request was completed. (0x12B)
[0209/205930.316:ERROR:process_memory_win.cc(73)] ReadMemory at 0x2d6490bb570 of 132 bytes failed: Only part of a ReadProcessMemory or WriteProcessMemory request was completed. (0x12B)
[0209/205930.316:ERROR:process_memory_win.cc(73)] ReadMemory at 0x2d6490bb6a0 of 132 bytes failed: Only part of a ReadProcessMemory or WriteProcessMemory request was completed. (0x12B)
[0209/205930.316:ERROR:process_memory_win.cc(73)] ReadMemory at 0x2d6490bb7d0 of 132 bytes failed: Only part of a ReadProcessMemory or WriteProcessMemory request was completed. (0x12B)
[0209/205930.317:ERROR:process_memory_win.cc(73)] ReadMemory at 0x2d6490bba30 of 132 bytes failed: Only part of a ReadProcessMemory or WriteProcessMemory request was completed. (0x12B)
[0209/205930.317:ERROR:process_memory_win.cc(73)] ReadMemory at 0x2d6490bbb60 of 132 bytes failed: Only part of a ReadProcessMemory or WriteProcessMemory request was completed. (0x12B)
[0209/205930.317:ERROR:process_memory_win.cc(73)] ReadMemory at 0x2d6490bbc90 of 132 bytes failed: Only part of a ReadProcessMemory or WriteProcessMemory request was completed. (0x12B)
[0209/205930.317:ERROR:process_memory_win.cc(73)] ReadMemory at 0x2d6490bbdc0 of 132 bytes failed: Only part of a ReadProcessMemory or WriteProcessMemory request was completed. (0x12B)
[0209/205930.317:ERROR:process_memory_win.cc(73)] ReadMemory at 0x2d6490bbef0 of 132 bytes failed: Only part of a ReadProcessMemory or WriteProcessMemory request was completed. (0x12B)
[0209/205930.317:ERROR:process_memory_win.cc(73)] ReadMemory at 0x2d6490bc020 of 132 bytes failed: Only part of a ReadProcessMemory or WriteProcessMemory request was completed. (0x12B)
[0209/205930.317:ERROR:process_memory_win.cc(73)] ReadMemory at 0x2d6490bc150 of 132 bytes failed: Only part of a ReadProcessMemory or WriteProcessMemory request was completed. (0x12B)
[0209/205930.317:ERROR:process_memory_win.cc(73)] ReadMemory at 0x2d6490be330 of 54 bytes failed: Only part of a ReadProcessMemory or WriteProcessMemory request was completed. (0x12B)
[0209/205930.317:ERROR:process_memory_win.cc(73)] ReadMemory at 0x2d6490bef90 of 132 bytes failed: Only part of a ReadProcessMemory or WriteProcessMemory request was completed. (0x12B)
[0209/205930.317:ERROR:process_memory_win.cc(73)] ReadMemory at 0x2d6490bf1a0 of 132 bytes failed: Only part of a ReadProcessMemory or WriteProcessMemory request was completed. (0x12B)
[0209/205930.317:ERROR:process_memory_win.cc(73)] ReadMemory at 0x2d6490bfd50 of 132 bytes failed: Only part of a ReadProcessMemory or WriteProcessMemory request was completed. (0x12B)
[0209/205930.317:ERROR:process_memory_win.cc(73)] ReadMemory at 0x2d6490c00d0 of 132 bytes failed: Only part of a ReadProcessMemory or WriteProcessMemory request was completed. (0x12B)
[0209/205930.317:ERROR:process_memory_win.cc(73)] ReadMemory at 0x2d6490c1a80 of 132 bytes failed: Only part of a ReadProcessMemory or WriteProcessMemory request was completed. (0x12B)
[0209/205930.317:ERROR:process_memory_win.cc(73)] ReadMemory at 0x2d6490c1bb0 of 132 bytes failed: Only part of a ReadProcessMemory or WriteProcessMemory request was completed. (0x12B)
[0209/205930.317:ERROR:process_memory_win.cc(73)] ReadMemory at 0x2d6490c1dd0 of 132 bytes failed: Only part of a ReadProcessMemory or WriteProcessMemory request was completed. (0x12B)
[0209/205930.317:ERROR:process_memory_win.cc(73)] ReadMemory at 0x2d6490c4800 of 80 bytes failed: Only part of a ReadProcessMemory or WriteProcessMemory request was completed. (0x12B)
[0209/205930.317:ERROR:process_memory_win.cc(73)] ReadMemory at 0x2d6490c4f80 of 76 bytes failed: Only part of a ReadProcessMemory or WriteProcessMemory request was completed. (0x12B)
[0209/205930.317:ERROR:process_memory_win.cc(73)] ReadMemory at 0x2d6490c51b0 of 62 bytes failed: Only part of a ReadProcessMemory or WriteProcessMemory request was completed. (0x12B)
[0209/205930.317:ERROR:process_memory_win.cc(73)] ReadMemory at 0x2d6490c5340 of 64 bytes failed: Only part of a ReadProcessMemory or WriteProcessMemory request was completed. (0x12B)
[0209/205930.317:ERROR:process_memory_win.cc(73)] ReadMemory at 0x2d6490c5570 of 62 bytes failed: Only part of a ReadProcessMemory or WriteProcessMemory request was completed. (0x12B)
[0209/205930.317:ERROR:process_memory_win.cc(73)] ReadMemory at 0x2d6490c55c0 of 60 bytes failed: Only part of a ReadProcessMemory or WriteProcessMemory request was completed. (0x12B)
[0209/205930.317:ERROR:process_memory_win.cc(73)] ReadMemory at 0x2d6490c58e0 of 62 bytes failed: Only part of a ReadProcessMemory or WriteProcessMemory request was completed. (0x12B)
[0209/205930.317:ERROR:process_memory_win.cc(73)] ReadMemory at 0x2d6490c5930 of 60 bytes failed: Only part of a ReadProcessMemory or WriteProcessMemory request was completed. (0x12B)
[0209/205930.317:ERROR:process_memory_win.cc(73)] ReadMemory at 0x2d6490c5b10 of 62 bytes failed: Only part of a ReadProcessMemory or WriteProcessMemory request was completed. (0x12B)
[0209/205930.317:ERROR:process_memory_win.cc(73)] ReadMemory at 0x2d6490c5bb0 of 64 bytes failed: Only part of a ReadProcessMemory or WriteProcessMemory request was completed. (0x12B)
[0209/205930.318:ERROR:process_memory_win.cc(73)] ReadMemory at 0x2d6490c5ca0 of 60 bytes failed: Only part of a ReadProcessMemory or WriteProcessMemory request was completed. (0x12B)
[0209/205930.318:ERROR:process_memory_win.cc(73)] ReadMemory at 0x2d6490c5cf0 of 64 bytes failed: Only part of a ReadProcessMemory or WriteProcessMemory request was completed. (0x12B)
[0209/205930.318:ERROR:process_memory_win.cc(73)] ReadMemory at 0x2d6490c5d40 of 62 bytes failed: Only part of a ReadProcessMemory or WriteProcessMemory request was completed. (0x12B)
[0209/205930.318:ERROR:process_memory_win.cc(73)] ReadMemory at 0x2d6490c5de0 of 62 bytes failed: Only part of a ReadProcessMemory or WriteProcessMemory request was completed. (0x12B)
[0209/205930.318:ERROR:process_memory_win.cc(73)] ReadMemory at 0x2d6490c5e30 of 62 bytes failed: Only part of a ReadProcessMemory or WriteProcessMemory request was completed. (0x12B)
[0209/205930.318:ERROR:process_memory_win.cc(73)] ReadMemory at 0x2d6490c5ed0 of 58 bytes failed: Only part of a ReadProcessMemory or WriteProcessMemory request was completed. (0x12B)
[0209/205930.318:ERROR:process_memory_win.cc(73)] ReadMemory at 0x2d6490c5fc0 of 60 bytes failed: Only part of a ReadProcessMemory or WriteProcessMemory request was completed. (0x12B)
[0209/205930.318:ERROR:process_memory_win.cc(73)] ReadMemory at 0x2d6490c6010 of 62 bytes failed: Only part of a ReadProcessMemory or WriteProcessMemory request was completed. (0x12B)
[0209/205930.318:ERROR:process_memory_win.cc(73)] ReadMemory at 0x2d6490c6060 of 64 bytes failed: Only part of a ReadProcessMemory or WriteProcessMemory request was completed. (0x12B)
[0209/205930.318:ERROR:process_memory_win.cc(73)] ReadMemory at 0x2d6490c6100 of 66 bytes failed: Only part of a ReadProcessMemory or WriteProcessMemory request was completed. (0x12B)
[0209/205930.318:ERROR:process_memory_win.cc(73)] ReadMemory at 0x2d6490c6420 of 132 bytes failed: Only part of a ReadProcessMemory or WriteProcessMemory request was completed. (0x12B)
[0209/205930.318:ERROR:process_memory_win.cc(73)] ReadMemory at 0x2d6490c6550 of 132 bytes failed: Only part of a ReadProcessMemory or WriteProcessMemory request was completed. (0x12B)
[0209/205930.318:ERROR:process_memory_win.cc(73)] ReadMemory at 0x2d6490c6680 of 132 bytes failed: Only part of a ReadProcessMemory or WriteProcessMemory request was completed. (0x12B)
[0209/205930.318:ERROR:process_memory_win.cc(73)] ReadMemory at 0x2d6490c67b0 of 132 bytes failed: Only part of a ReadProcessMemory or WriteProcessMemory request was completed. (0x12B)
[0209/205930.318:ERROR:process_memory_win.cc(73)] ReadMemory at 0x2d6490c6a10 of 132 bytes failed: Only part of a ReadProcessMemory or WriteProcessMemory request was completed. (0x12B)
[0209/205930.318:ERROR:process_memory_win.cc(73)] ReadMemory at 0x2d6490c6c70 of 132 bytes failed: Only part of a ReadProcessMemory or WriteProcessMemory request was completed. (0x12B)
[0209/205930.318:ERROR:process_memory_win.cc(73)] ReadMemory at 0x2d6490c6ed0 of 132 bytes failed: Only part of a ReadProcessMemory or WriteProcessMemory request was completed. (0x12B)
[0209/205930.318:ERROR:process_memory_win.cc(73)] ReadMemory at 0x2d6490c7000 of 132 bytes failed: Only part of a ReadProcessMemory or WriteProcessMemory request was completed. (0x12B)
[0209/205930.318:ERROR:process_memory_win.cc(73)] ReadMemory at 0x2d6490c7850 of 132 bytes failed: Only part of a ReadProcessMemory or WriteProcessMemory request was completed. (0x12B)
[0209/205930.318:ERROR:process_memory_win.cc(73)] ReadMemory at 0x2d6490c7be0 of 132 bytes failed: Only part of a ReadProcessMemory or WriteProcessMemory request was completed. (0x12B)
[0209/205930.318:ERROR:process_memory_win.cc(73)] ReadMemory at 0x2d6490dd5c0 of 512 bytes failed: Only part of a ReadProcessMemory or WriteProcessMemory request was completed. (0x12B)
[0209/205930.318:ERROR:process_memory_win.cc(73)] ReadMemory at 0x2d6490de350 of 512 bytes failed: Only part of a ReadProcessMemory or WriteProcessMemory request was completed. (0x12B)
[0209/205930.318:ERROR:process_memory_win.cc(73)] ReadMemory at 0x2d649381d80 of 512 bytes failed: Only part of a ReadProcessMemory or WriteProcessMemory request was completed. (0x12B)
[0209/205930.318:ERROR:process_memory_win.cc(73)] ReadMemory at 0x2d6493861c0 of 512 bytes failed: Only part of a ReadProcessMemory or WriteProcessMemory request was completed. (0x12B)
[0209/205930.318:ERROR:process_memory_win.cc(73)] ReadMemory at 0x2d6495edec0 of 512 bytes failed: Only part of a ReadProcessMemory or WriteProcessMemory request was completed. (0x12B)
[0209/205930.319:ERROR:process_memory_win.cc(73)] ReadMemory at 0x2d649600100 of 512 bytes failed: Only part of a ReadProcessMemory or WriteProcessMemory request was completed. (0x12B)
[0209/205930.319:ERROR:process_memory_win.cc(73)] ReadMemory at 0x2d649603f81 of 512 bytes failed: Only part of a ReadProcessMemory or WriteProcessMemory request was completed. (0x12B)
[0209/205930.319:ERROR:process_memory_win.cc(73)] ReadMemory at 0x2d649604a50 of 512 bytes failed: Only part of a ReadProcessMemory or WriteProcessMemory request was completed. (0x12B)
[0209/205930.319:ERROR:process_memory_win.cc(73)] ReadMemory at 0x2d649609920 of 512 bytes failed: Only part of a ReadProcessMemory or WriteProcessMemory request was completed. (0x12B)
[0209/205930.319:ERROR:process_memory_win.cc(73)] ReadMemory at 0x2d649621b90 of 712 bytes failed: Only part of a ReadProcessMemory or WriteProcessMemory request was completed. (0x12B)
[0209/205930.319:ERROR:process_memory_win.cc(73)] ReadMemory at 0x2d649628b10 of 512 bytes failed: Only part of a ReadProcessMemory or WriteProcessMemory request was completed. (0x12B)
[0209/205930.319:ERROR:process_memory_win.cc(73)] ReadMemory at 0x2d649634688 of 656 bytes failed: Only part of a ReadProcessMemory or WriteProcessMemory request was completed. (0x12B)
[0209/205930.319:ERROR:process_memory_win.cc(73)] ReadMemory at 0x2d649634a78 of 512 bytes failed: Only part of a ReadProcessMemory or WriteProcessMemory request was completed. (0x12B)
[0209/205930.319:ERROR:process_memory_win.cc(73)] ReadMemory at 0x2d649635a38 of 800 bytes failed: Only part of a ReadProcessMemory or WriteProcessMemory request was completed. (0x12B)
[0209/205930.319:ERROR:process_memory_win.cc(73)] ReadMemory at 0x2d64967bcf0 of 512 bytes failed: Only part of a ReadProcessMemory or WriteProcessMemory request was completed. (0x12B)
[0209/205930.319:ERROR:process_memory_win.cc(73)] ReadMemory at 0x2d64b470000 of 384 bytes failed: Only part of a ReadProcessMemory or WriteProcessMemory request was completed. (0x12B)
[0209/205930.319:ERROR:process_memory_win.cc(73)] ReadMemory at 0x2d64b4ce8b0 of 512 bytes failed: Only part of a ReadProcessMemory or WriteProcessMemory request was completed. (0x12B)
[0209/205930.319:ERROR:process_memory_win.cc(73)] ReadMemory at 0x2d64b4de200 of 512 bytes failed: Only part of a ReadProcessMemory or WriteProcessMemory request was completed. (0x12B)
[0209/205930.319:ERROR:process_memory_win.cc(73)] ReadMemory at 0x2d64b4de680 of 512 bytes failed: Only part of a ReadProcessMemory or WriteProcessMemory request was completed. (0x12B)
[0209/205930.319:ERROR:process_memory_win.cc(73)] ReadMemory at 0x2d64b9e7680 of 512 bytes failed: Only part of a ReadProcessMemory or WriteProcessMemory request was completed. (0x12B)
[0209/205930.319:ERROR:process_memory_win.cc(73)] ReadMemory at 0x2d64b9f7b80 of 512 bytes failed: Only part of a ReadProcessMemory or WriteProcessMemory request was completed. (0x12B)
[0209/205930.319:ERROR:process_memory_win.cc(73)] ReadMemory at 0x2d64ba03920 of 560 bytes failed: Only part of a ReadProcessMemory or WriteProcessMemory request was completed. (0x12B)
[0209/205930.319:ERROR:process_memory_win.cc(73)] ReadMemory at 0x2d64ba50bf0 of 512 bytes failed: Only part of a ReadProcessMemory or WriteProcessMemory request was completed. (0x12B)
[0209/205930.319:ERROR:process_memory_win.cc(73)] ReadMemory at 0x2d64ca18d30 of 512 bytes failed: Only part of a ReadProcessMemory or WriteProcessMemory request was completed. (0x12B)
[0209/205930.319:ERROR:process_memory_win.cc(73)] ReadMemory at 0x2d64ca18f70 of 512 bytes failed: Only part of a ReadProcessMemory or WriteProcessMemory request was completed. (0x12B)
[0209/205930.319:ERROR:process_memory_win.cc(73)] ReadMemory at 0x877082a0551 of 512 bytes failed: Only part of a ReadProcessMemory or WriteProcessMemory request was completed. (0x12B)
[0209/205930.319:ERROR:process_memory_win.cc(73)] ReadMemory at 0x87708946f0c of 512 bytes failed: Only part of a ReadProcessMemory or WriteProcessMemory request was completed. (0x12B)
[0209/205930.319:ERROR:process_memory_win.cc(73)] ReadMemory at 0x5e3d08366f8c of 512 bytes failed: Only part of a ReadProcessMemory or WriteProcessMemory request was completed. (0x12B)
[0209/205930.320:ERROR:process_memory_win.cc(73)] ReadMemory at 0x631a7d324468 of 512 bytes failed: Only part of a ReadProcessMemory or WriteProcessMemory request was completed. (0x12B)
[0209/205930.320:ERROR:process_memory_win.cc(73)] ReadMemory at 0x7ffebd234d8c of 512 bytes failed: Only part of a ReadProcessMemory or WriteProcessMemory request was completed. (0x12B)
[0209/205930.320:ERROR:process_memory_win.cc(73)] ReadMemory at 0x7ffebe9213f0 of 512 bytes failed: Only part of a ReadProcessMemory or WriteProcessMemory request was completed. (0x12B)
[0209/205930.320:ERROR:process_memory_win.cc(73)] ReadMemory at 0x7ffebf1b020c of 512 bytes failed: Only part of a ReadProcessMemory or WriteProcessMemory request was completed. (0x12B)
[0209/205930.320:ERROR:process_memory_win.cc(73)] ReadMemory at 0x7ffebff43a3b of 512 bytes failed: Only part of a ReadProcessMemory or WriteProcessMemory request was completed. (0x12B)
[0209/205930.320:ERROR:process_memory_win.cc(73)] ReadMemory at 0x7ffec31d2950 of 512 bytes failed: Only part of a ReadProcessMemory or WriteProcessMemory request was completed. (0x12B)
[0209/205930.320:ERROR:process_memory_win.cc(73)] ReadMemory at 0x7ffec324121a of 512 bytes failed: Only part of a ReadProcessMemory or WriteProcessMemory request was completed. (0x12B)
[0209/205930.320:ERROR:process_memory_win.cc(73)] ReadMemory at 0x7ffec3ffd330 of 512 bytes failed: Only part of a ReadProcessMemory or WriteProcessMemory request was completed. (0x12B)
[0209/205930.320:ERROR:process_memory_win.cc(73)] ReadMemory at 0x7ffec4308970 of 512 bytes failed: Only part of a ReadProcessMemory or WriteProcessMemory request was completed. (0x12B)
[0209/205930.320:ERROR:process_memory_win.cc(73)] ReadMemory at 0x7fff1bc9c0c4 of 672 bytes failed: Only part of a ReadProcessMemory or WriteProcessMemory request was completed. (0x12B)
[0209/205930.320:ERROR:process_memory_win.cc(73)] ReadMemory at 0x7fff1bc9c6c4 of 512 bytes failed: Only part of a ReadProcessMemory or WriteProcessMemory request was completed. (0x12B)
[0209/205930.320:ERROR:process_memory_win.cc(73)] ReadMemory at 0x7fff1bc9f974 of 608 bytes failed: Only part of a ReadProcessMemory or WriteProcessMemory request was completed. (0x12B)
[0209/205930.320:ERROR:process_memory_win.cc(73)] ReadMemory at 0x7fff1bd2c428 of 18 bytes failed: Only part of a ReadProcessMemory or WriteProcessMemory request was completed. (0x12B)
[0209/205930.320:ERROR:process_memory_win.cc(73)] ReadMemory at 0x7fff1bd5f4f8 of 40 bytes failed: Only part of a ReadProcessMemory or WriteProcessMemory request was completed. (0x12B)
[0209/205930.320:ERROR:process_memory_win.cc(73)] ReadMemory at 0x7fff1bd5f978 of 48 bytes failed: Only part of a ReadProcessMemory or WriteProcessMemory request was completed. (0x12B)
[0209/205930.320:ERROR:process_memory_win.cc(73)] ReadMemory at 0x7fff1bd653c0 of 64 bytes failed: Only part of a ReadProcessMemory or WriteProcessMemory request was completed. (0x12B)
[0209/205930.322:ERROR:scoped_process_suspend.cc(40)] NtResumeProcess: An attempt was made to access an exiting process. (0xc000010a)
